<?xml version="1.0" encoding="UTF-8"?>
<!-- Generated by org.testng.reporters.JUnitXMLReporter -->
<testsuite hostname="DESKTOP-NM7JOOM" ignored="0" name="Default test" tests="4" failures="0" timestamp="2020-07-15T13:20:32 IST" time="4.983" errors="0">
  <testcase name="test_Put" time="4.631" classname="dataDrivenTesting.Tests_Put"/>
  <testcase name="test_Put" time="0.071" classname="dataDrivenTesting.Tests_Put"/>
  <testcase name="test_Put" time="0.068" classname="dataDrivenTesting.Tests_Put"/>
  <testcase name="test_Put" time="0.125" classname="dataDrivenTesting.Tests_Put"/>
</testsuite> <!-- Default test -->
