<?xml version="1.0" encoding="UTF-8"?>
<testng-results skipped="0" failed="0" ignored="0" total="1" passed="1">
  <reporter-output>
  </reporter-output>
  <suite name="Default suite" duration-ms="54737" started-at="2020-07-20T12:36:22 IST" finished-at="2020-07-20T12:37:17 IST">
    <groups>
    </groups>
    <test name="Default test" duration-ms="54737" started-at="2020-07-20T12:36:22 IST" finished-at="2020-07-20T12:37:17 IST">
      <class name="jsonschema.JSONSchemaValidator">
        <test-method status="PASS" signature="jsonSchemaValidator()[pri:0, instance:jsonschema.JSONSchemaValidator@3b088d51]" name="jsonSchemaValidator" duration-ms="54365" started-at="2020-07-20T12:36:23 IST" finished-at="2020-07-20T12:37:17 IST">
          <reporter-output>
          </reporter-output>
        </test-method> <!-- jsonSchemaValidator -->
      </class> <!-- jsonschema.JSONSchemaValidator -->
    </test> <!-- Default test -->
  </suite> <!-- Default suite -->
</testng-results>
